<?xml version="1.0" encoding="UTF-8"?>
<!-- Generated by org.testng.reporters.JUnitReportReporter -->
<testsuite skipped="0" hostname="DESKTOP-2PVS3VU" name="Test.Day1" tests="2" failures="0" timestamp="2020-11-24T18:44:35 IST" time="0.010" errors="0">
  <testcase name="Demo2" time="0.001" classname="Test.Day1"/>
  <testcase name="Demo" time="0.009" classname="Test.Day1"/>
</testsuite> <!-- Test.Day1 -->
