<?xml version="1.0" encoding="UTF-8"?>
<!-- Generated by org.testng.reporters.JUnitReportReporter -->
<testsuite skipped="0" hostname="DESKTOP-2PVS3VU" name="Test.Day2" tests="1" failures="0" timestamp="2020-11-24T18:44:35 IST" time="0.001" errors="0">
  <testcase name="Ploan" time="0.001" classname="Test.Day2"/>
</testsuite> <!-- Test.Day2 -->
