<?xml version="1.0" encoding="UTF-8"?>
<!-- Generated by org.testng.reporters.JUnitReportReporter -->
<testsuite hostname="DESKTOP-2PVS3VU" name="Framework.ValidateCourseNavigationBar" tests="1" failures="0" timestamp="24 Mar 2021 12:31:30 GMT" time="0.149" errors="0">
  <testcase name="ValidateHomeLinkExist" time="0.149" classname="Framework.ValidateCourseNavigationBar"/>
</testsuite> <!-- Framework.ValidateCourseNavigationBar -->
