<?xml version="1.0" encoding="UTF-8"?>
<!-- Generated by org.testng.reporters.JUnitReportReporter -->
<testsuite hostname="DESKTOP-2PVS3VU" name="Framework.HomePage" tests="2" failures="0" timestamp="24 Mar 2021 12:31:30 GMT" time="20.354" errors="0">
  <testcase name="basePageNavigation" time="18.160" classname="Framework.HomePage"/>
  <testcase name="basePageNavigation" time="2.194" classname="Framework.HomePage"/>
</testsuite> <!-- Framework.HomePage -->
