<?xml version="1.0" encoding="UTF-8"?>
<!-- Generated by org.testng.reporters.JUnitReportReporter -->
<testsuite hostname="DESKTOP-2PVS3VU" name="Framework.ValidateCourseNavigationBar" tests="1" failures="0" timestamp="31 Dec 2020 16:04:47 GMT" time="0.285" errors="0">
  <testcase name="ValidateHomeLinkExist" time="0.285" classname="Framework.ValidateCourseNavigationBar"/>
</testsuite> <!-- Framework.ValidateCourseNavigationBar -->
